Using pre-set license
Built from '2020.3/release' branch; Version is '2020.3.49f1 (18249dd5551b) revision 1582237'; Using compiler version '192528614'; Build Type 'Release'
OS: 'Windows 11  (10.0.26200) 64bit CoreSingleLanguage' Language: 'en' Physical Memory: 3783 MB
BatchMode: 1, IsHumanControllingUs: 0, StartBugReporterOnCrash: 0, Is64bit: 1, IsPro: 0

COMMAND LINE ARGUMENTS:
C:\Program Files\Unity\Hub\Editor\2020.3.49f1\Editor\Unity.exe
-adb2
-batchMode
-noUpm
-name
AssetImportWorker0
-projectPath
F:/AKADEMIK/UAS Game Kelompok 7/First Aid Hood/FirstAidHeroo
-logFile
Logs/AssetImportWorker0.log
-srvPort
52085
Successfully changed project path to: F:/AKADEMIK/UAS Game Kelompok 7/First Aid Hood/FirstAidHeroo
F:/AKADEMIK/UAS Game Kelompok 7/First Aid Hood/FirstAidHeroo
Using Asset Import Pipeline V2.
Player connection [12484] Host "[IP] 192.168.56.1 [Port] 2953007648 [Flags] 2 [Guid] 3090551108 [EditorId] 3090551108 [Version] 1048832 [Id] WindowsEditor(7,AA) [Debug] 1 [PackageName] WindowsEditor [ProjectName] Editor" joined multi-casting on [225.0.0.222:54997]...

Player connection [12484] Host "[IP] 192.168.56.1 [Port] 2953007648 [Flags] 2 [Guid] 3090551108 [EditorId] 3090551108 [Version] 1048832 [Id] WindowsEditor(7,AA) [Debug] 1 [PackageName] WindowsEditor [ProjectName] Editor" joined alternative multi-casting on [225.0.0.222:34997]...

Refreshing native plugins compatible for Editor in 1264.91 ms, found 2 plugins.
Preloading 0 native plugins for Editor in 0.00 ms.
Initialize engine version: 2020.3.49f1 (18249dd5551b)
[Subsystems] Discovering subsystems at path C:/Program Files/Unity/Hub/Editor/2020.3.49f1/Editor/Data/Resources/UnitySubsystems
[Subsystems] Discovering subsystems at path F:/AKADEMIK/UAS Game Kelompok 7/First Aid Hood/FirstAidHeroo/Assets
GfxDevice: creating device client; threaded=0
Direct3D:
    Version:  Direct3D 11.0 [level 11.1]
    Renderer: Intel(R) UHD Graphics (ID=0x8a56)
    Vendor:   
    VRAM:     1891 MB
    Driver:   30.0.101.3111
Initialize mono
Mono path[0] = 'C:/Program Files/Unity/Hub/Editor/2020.3.49f1/Editor/Data/Managed'
Mono path[1] = 'C:/Program Files/Unity/Hub/Editor/2020.3.49f1/Editor/Data/MonoBleedingEdge/lib/mono/unityjit'
Mono config path = 'C:/Program Files/Unity/Hub/Editor/2020.3.49f1/Editor/Data/MonoBleedingEdge/etc'
Using monoOptions --debugger-agent=transport=dt_socket,embedding=1,server=y,suspend=n,address=127.0.0.1:56776
Begin MonoManager ReloadAssembly
Registering precompiled unity dll's ...
Register platform support module: C:/Program Files/Unity/Hub/Editor/2020.3.49f1/Editor/Data/PlaybackEngines/WindowsStandaloneSupport/UnityEditor.WindowsStandalone.Extensions.dll
Registered in 0.005300 seconds.
Native extension for WindowsStandalone target not found
Refreshing native plugins compatible for Editor in 77.68 ms, found 2 plugins.
Preloading 0 native plugins for Editor in 0.00 ms.
Mono: successfully reloaded assembly
- Completed reload, in  0.887 seconds
Domain Reload Profiling:
	ReloadAssembly (888ms)
		BeginReloadAssembly (156ms)
			ExecutionOrderSort (0ms)
			DisableScriptedObjects (0ms)
			BackupInstance (0ms)
			ReleaseScriptingObjects (0ms)
			CreateAndSetChildDomain (2ms)
		EndReloadAssembly (619ms)
			LoadAssemblies (152ms)
			RebuildTransferFunctionScriptingTraits (1ms)
			SetupTypeCache (205ms)
			ReleaseScriptCaches (0ms)
			RebuildScriptCaches (30ms)
			SetupLoadedEditorAssemblies (248ms)
				LogAssemblyErrors (0ms)
				InitializePlatformSupportModulesInManaged (5ms)
				SetLoadedEditorAssemblies (0ms)
				RefreshPlugins (78ms)
				BeforeProcessingInitializeOnLoad (9ms)
				ProcessInitializeOnLoadAttributes (92ms)
				ProcessInitializeOnLoadMethodAttributes (62ms)
				AfterProcessingInitializeOnLoad (0ms)
				EditorAssembliesLoaded (1ms)
			ExecutionOrderSort2 (0ms)
			AwakeInstancesAfterBackupRestoration (0ms)
Platform modules already initialized, skipping
Registering precompiled user dll's ...
Registered in 0.060445 seconds.
Begin MonoManager ReloadAssembly
Native extension for WindowsStandalone target not found
Refreshing native plugins compatible for Editor in 0.90 ms, found 2 plugins.
Preloading 0 native plugins for Editor in 0.00 ms.
Mono: successfully reloaded assembly
- Completed reload, in  2.653 seconds
Domain Reload Profiling:
	ReloadAssembly (2674ms)
		BeginReloadAssembly (681ms)
			ExecutionOrderSort (0ms)
			DisableScriptedObjects (35ms)
			BackupInstance (0ms)
			ReleaseScriptingObjects (0ms)
			CreateAndSetChildDomain (209ms)
		EndReloadAssembly (1863ms)
			LoadAssemblies (786ms)
			RebuildTransferFunctionScriptingTraits (1ms)
			SetupTypeCache (363ms)
			ReleaseScriptCaches (1ms)
			RebuildScriptCaches (40ms)
			SetupLoadedEditorAssemblies (742ms)
				LogAssemblyErrors (0ms)
				InitializePlatformSupportModulesInManaged (28ms)
				SetLoadedEditorAssemblies (3ms)
				RefreshPlugins (1ms)
				BeforeProcessingInitializeOnLoad (54ms)
				ProcessInitializeOnLoadAttributes (612ms)
				ProcessInitializeOnLoadMethodAttributes (33ms)
				AfterProcessingInitializeOnLoad (10ms)
				EditorAssembliesLoaded (2ms)
			ExecutionOrderSort2 (0ms)
			AwakeInstancesAfterBackupRestoration (2ms)
Platform modules already initialized, skipping
========================================================================
Worker process is ready to serve import requests
Launched and connected shader compiler UnityShaderCompiler.exe after 0.26 seconds
Refreshing native plugins compatible for Editor in 0.35 ms, found 2 plugins.
Preloading 0 native plugins for Editor in 0.00 ms.
Unloading 1320 Unused Serialized files (Serialized files now loaded: 0)
System memory in use before: 63.6 MB.
System memory in use after: 63.7 MB.

Unloading 16 unused Assets to reduce memory usage. Loaded Objects now: 1758.
Total: 8.495200 ms (FindLiveObjects: 0.594200 ms CreateObjectMapping: 0.052400 ms MarkObjects: 7.432900 ms  DeleteObjects: 0.413500 ms)

AssetImportParameters requested are different than current active one (requested -> active):
  custom:framework-win-MediaFoundation: 216162199b28c13a410421893ffa2e32 -> 
  custom:video-decoder-ogg-theora: a1e56fd34408186e4bbccfd4996cb3dc -> 
  custom:container-muxer-webm: aa71ff27fc2769a1b78a27578f13a17b -> 
  custom:container-demuxer-webm: 4f35f7cbe854078d1ac9338744f61a02 -> 
  custom:container-demuxer-ogg: 62fdf1f143b41e24485cea50d1cbac27 -> 
  custom:video-encoder-webm-vp8: eb34c28f22e8b96e1ab97ce403110664 -> 
  custom:video-codec-MediaFoundation-h265: 746d11721c4dcdbdad8f713fa42b33f4 -> 
  custom:video-decoder-webm-vp8: 9c59270c3fd7afecdb556c50c9e8de78 -> 
  custom:audio-decoder-ogg-vorbis: bf7c407c2cedff20999df2af8eb42d56 -> 
  custom:audio-encoder-webm-vorbis: bf7c407c2cedff20999df2af8eb42d56 -> 
========================================================================
Received Import Request.
  path: Assets/Blender_Assets/START BANNER.png
  artifactKey: Guid(e05e6c08920940a4b8a791cfd07d4daa) Importer(815301076,1909f56bfc062723c751e8b465ee728b)
Start importing Assets/Blender_Assets/START BANNER.png using Guid(e05e6c08920940a4b8a791cfd07d4daa) Importer(815301076,1909f56bfc062723c751e8b465ee728b)  -> (artifact id: 'fce0b3a7da06a61bcb40db9ff39fc0c9') in 0.403562 seconds 
========================================================================
Received Import Request.
  Time since last request: 0.001206 seconds.
  path: Assets/Blender_Assets/FINISH BANNER.png
  artifactKey: Guid(954f5e9c4f44d9e469d49e4a63c72193) Importer(815301076,1909f56bfc062723c751e8b465ee728b)
Start importing Assets/Blender_Assets/FINISH BANNER.png using Guid(954f5e9c4f44d9e469d49e4a63c72193) Importer(815301076,1909f56bfc062723c751e8b465ee728b)  -> (artifact id: '4377e4eceed83af6c226ddead6ce7445') in 0.156814 seconds 
========================================================================
Received Import Request.
  Time since last request: 0.000682 seconds.
  path: Assets/Blender_Assets/AreaBalapKarung.fbx
  artifactKey: Guid(533930603c959a1498fcd6449bfff12c) Importer(815301076,1909f56bfc062723c751e8b465ee728b)
Start importing Assets/Blender_Assets/AreaBalapKarung.fbx using Guid(533930603c959a1498fcd6449bfff12c) Importer(815301076,1909f56bfc062723c751e8b465ee728b)  -> (artifact id: '0f2392e9c0b7558ec2942296bae4d5b4') in 1.008028 seconds 
========================================================================
Received Import Request.
  Time since last request: 57.712577 seconds.
  path: Assets/Blender_Assets/AreaBalapKarung.fbx
  artifactKey: Guid(533930603c959a1498fcd6449bfff12c) Importer(815301076,1909f56bfc062723c751e8b465ee728b)
Start importing Assets/Blender_Assets/AreaBalapKarung.fbx using Guid(533930603c959a1498fcd6449bfff12c) Importer(815301076,1909f56bfc062723c751e8b465ee728b)  -> (artifact id: '3d42b1815ad5e47b5bf050de0e77759d') in 1.753808 seconds 
========================================================================
Received Import Request.
  Time since last request: 0.004948 seconds.
  path: Assets/Blender_Assets/LogoPMISignBaord.jpeg
  artifactKey: Guid(71b33eaea4c9f30429ed493ef9c6e3aa) Importer(815301076,1909f56bfc062723c751e8b465ee728b)
Start importing Assets/Blender_Assets/LogoPMISignBaord.jpeg using Guid(71b33eaea4c9f30429ed493ef9c6e3aa) Importer(815301076,1909f56bfc062723c751e8b465ee728b)  -> (artifact id: '964bbdad2be55dce74678629b79d157b') in 0.174862 seconds 
