Using pre-set license
Built from '2020.3/release' branch; Version is '2020.3.49f1 (18249dd5551b) revision 1582237'; Using compiler version '192528614'; Build Type 'Release'
OS: 'Windows 11  (10.0.26200) 64bit CoreSingleLanguage' Language: 'en' Physical Memory: 3783 MB
BatchMode: 1, IsHumanControllingUs: 0, StartBugReporterOnCrash: 0, Is64bit: 1, IsPro: 0

COMMAND LINE ARGUMENTS:
C:\Program Files\Unity\Hub\Editor\2020.3.49f1\Editor\Unity.exe
-adb2
-batchMode
-noUpm
-name
AssetImportWorker0
-projectPath
F:/AKADEMIK/PENGEMBANGAN GAME/Project UAS/New Unity Project
-logFile
Logs/AssetImportWorker0.log
-srvPort
58010
Successfully changed project path to: F:/AKADEMIK/PENGEMBANGAN GAME/Project UAS/New Unity Project
F:/AKADEMIK/PENGEMBANGAN GAME/Project UAS/New Unity Project
Using Asset Import Pipeline V2.
Player connection [18284] Host "[IP] 192.168.56.1 [Port] 805523936 [Flags] 2 [Guid] 2720512165 [EditorId] 2720512165 [Version] 1048832 [Id] WindowsEditor(7,AA) [Debug] 1 [PackageName] WindowsEditor [ProjectName] Editor" joined multi-casting on [225.0.0.222:54997]...

Player connection [18284] Host "[IP] 192.168.56.1 [Port] 805523936 [Flags] 2 [Guid] 2720512165 [EditorId] 2720512165 [Version] 1048832 [Id] WindowsEditor(7,AA) [Debug] 1 [PackageName] WindowsEditor [ProjectName] Editor" joined alternative multi-casting on [225.0.0.222:34997]...

Refreshing native plugins compatible for Editor in 718.46 ms, found 2 plugins.
Preloading 0 native plugins for Editor in 0.00 ms.
Initialize engine version: 2020.3.49f1 (18249dd5551b)
[Subsystems] Discovering subsystems at path C:/Program Files/Unity/Hub/Editor/2020.3.49f1/Editor/Data/Resources/UnitySubsystems
[Subsystems] Discovering subsystems at path F:/AKADEMIK/PENGEMBANGAN GAME/Project UAS/New Unity Project/Assets
GfxDevice: creating device client; threaded=0
Direct3D:
    Version:  Direct3D 11.0 [level 11.1]
    Renderer: Intel(R) UHD Graphics (ID=0x8a56)
    Vendor:   
    VRAM:     1891 MB
    Driver:   30.0.101.3111
Initialize mono
Mono path[0] = 'C:/Program Files/Unity/Hub/Editor/2020.3.49f1/Editor/Data/Managed'
Mono path[1] = 'C:/Program Files/Unity/Hub/Editor/2020.3.49f1/Editor/Data/MonoBleedingEdge/lib/mono/unityjit'
Mono config path = 'C:/Program Files/Unity/Hub/Editor/2020.3.49f1/Editor/Data/MonoBleedingEdge/etc'
Using monoOptions --debugger-agent=transport=dt_socket,embedding=1,server=y,suspend=n,address=127.0.0.1:56716
Begin MonoManager ReloadAssembly
Registering precompiled unity dll's ...
Register platform support module: C:/Program Files/Unity/Hub/Editor/2020.3.49f1/Editor/Data/PlaybackEngines/WindowsStandaloneSupport/UnityEditor.WindowsStandalone.Extensions.dll
Registered in 0.002729 seconds.
Native extension for WindowsStandalone target not found
Refreshing native plugins compatible for Editor in 36.85 ms, found 2 plugins.
Preloading 0 native plugins for Editor in 0.00 ms.
Mono: successfully reloaded assembly
- Completed reload, in  0.906 seconds
Domain Reload Profiling:
	ReloadAssembly (906ms)
		BeginReloadAssembly (133ms)
			ExecutionOrderSort (0ms)
			DisableScriptedObjects (0ms)
			BackupInstance (0ms)
			ReleaseScriptingObjects (0ms)
			CreateAndSetChildDomain (2ms)
		EndReloadAssembly (518ms)
			LoadAssemblies (128ms)
			RebuildTransferFunctionScriptingTraits (2ms)
			SetupTypeCache (198ms)
			ReleaseScriptCaches (0ms)
			RebuildScriptCaches (28ms)
			SetupLoadedEditorAssemblies (162ms)
				LogAssemblyErrors (0ms)
				InitializePlatformSupportModulesInManaged (6ms)
				SetLoadedEditorAssemblies (0ms)
				RefreshPlugins (37ms)
				BeforeProcessingInitializeOnLoad (8ms)
				ProcessInitializeOnLoadAttributes (81ms)
				ProcessInitializeOnLoadMethodAttributes (29ms)
				AfterProcessingInitializeOnLoad (0ms)
				EditorAssembliesLoaded (0ms)
			ExecutionOrderSort2 (0ms)
			AwakeInstancesAfterBackupRestoration (0ms)
Platform modules already initialized, skipping
Registering precompiled user dll's ...
Registered in 0.002943 seconds.
Begin MonoManager ReloadAssembly
Native extension for WindowsStandalone target not found
Refreshing native plugins compatible for Editor in 0.36 ms, found 2 plugins.
Preloading 0 native plugins for Editor in 0.00 ms.
Mono: successfully reloaded assembly
- Completed reload, in  1.660 seconds
Domain Reload Profiling:
	ReloadAssembly (1676ms)
		BeginReloadAssembly (154ms)
			ExecutionOrderSort (0ms)
			DisableScriptedObjects (4ms)
			BackupInstance (0ms)
			ReleaseScriptingObjects (0ms)
			CreateAndSetChildDomain (20ms)
		EndReloadAssembly (1446ms)
			LoadAssemblies (563ms)
			RebuildTransferFunctionScriptingTraits (0ms)
			SetupTypeCache (279ms)
			ReleaseScriptCaches (0ms)
			RebuildScriptCaches (36ms)
			SetupLoadedEditorAssemblies (509ms)
				LogAssemblyErrors (0ms)
				InitializePlatformSupportModulesInManaged (5ms)
				SetLoadedEditorAssemblies (0ms)
				RefreshPlugins (0ms)
				BeforeProcessingInitializeOnLoad (49ms)
				ProcessInitializeOnLoadAttributes (441ms)
				ProcessInitializeOnLoadMethodAttributes (8ms)
				AfterProcessingInitializeOnLoad (5ms)
				EditorAssembliesLoaded (0ms)
			ExecutionOrderSort2 (0ms)
			AwakeInstancesAfterBackupRestoration (2ms)
Platform modules already initialized, skipping
========================================================================
Worker process is ready to serve import requests
Launched and connected shader compiler UnityShaderCompiler.exe after 0.08 seconds
Refreshing native plugins compatible for Editor in 0.30 ms, found 2 plugins.
Preloading 0 native plugins for Editor in 0.00 ms.
Unloading 1320 Unused Serialized files (Serialized files now loaded: 0)
System memory in use before: 63.4 MB.
System memory in use after: 63.5 MB.

Unloading 16 unused Assets to reduce memory usage. Loaded Objects now: 1757.
Total: 6.254300 ms (FindLiveObjects: 0.430700 ms CreateObjectMapping: 0.060100 ms MarkObjects: 5.685400 ms  DeleteObjects: 0.076200 ms)

AssetImportParameters requested are different than current active one (requested -> active):
  custom:framework-win-MediaFoundation: 216162199b28c13a410421893ffa2e32 -> 
  custom:video-decoder-ogg-theora: a1e56fd34408186e4bbccfd4996cb3dc -> 
  custom:container-muxer-webm: aa71ff27fc2769a1b78a27578f13a17b -> 
  custom:container-demuxer-webm: 4f35f7cbe854078d1ac9338744f61a02 -> 
  custom:container-demuxer-ogg: 62fdf1f143b41e24485cea50d1cbac27 -> 
  custom:video-encoder-webm-vp8: eb34c28f22e8b96e1ab97ce403110664 -> 
  custom:video-codec-MediaFoundation-h265: 746d11721c4dcdbdad8f713fa42b33f4 -> 
  custom:video-decoder-webm-vp8: 9c59270c3fd7afecdb556c50c9e8de78 -> 
  custom:audio-decoder-ogg-vorbis: bf7c407c2cedff20999df2af8eb42d56 -> 
  custom:audio-encoder-webm-vorbis: bf7c407c2cedff20999df2af8eb42d56 -> 
========================================================================
Received Import Request.
  path: Assets/Casual & Relaxing Game Music/Forest.wav
  artifactKey: Guid(5b1ed8fbe89154eaf96723b6e5f0aad3) Importer(815301076,1909f56bfc062723c751e8b465ee728b)
Start importing Assets/Casual & Relaxing Game Music/Forest.wav using Guid(5b1ed8fbe89154eaf96723b6e5f0aad3) Importer(815301076,1909f56bfc062723c751e8b465ee728b)  -> (artifact id: '7e15491fb03f2b10d6d4d765bd614eb8') in 0.215082 seconds 
========================================================================
Received Import Request.
  Time since last request: 0.001214 seconds.
  path: Assets/Casual & Relaxing Game Music/Mystery.wav
  artifactKey: Guid(458dd8822518c4f37bc3edba9b6c57d9) Importer(815301076,1909f56bfc062723c751e8b465ee728b)
Start importing Assets/Casual & Relaxing Game Music/Mystery.wav using Guid(458dd8822518c4f37bc3edba9b6c57d9) Importer(815301076,1909f56bfc062723c751e8b465ee728b)  -> (artifact id: 'b697176c78f58bc4af64170045a6660b') in 0.039649 seconds 
========================================================================
Received Import Request.
  Time since last request: 0.000361 seconds.
  path: Assets/Casual & Relaxing Game Music/Happy.wav
  artifactKey: Guid(bea93a38b71b64b598109b3a3b1a0048) Importer(815301076,1909f56bfc062723c751e8b465ee728b)
Start importing Assets/Casual & Relaxing Game Music/Happy.wav using Guid(bea93a38b71b64b598109b3a3b1a0048) Importer(815301076,1909f56bfc062723c751e8b465ee728b)  -> (artifact id: 'b796b0a9c669c688053f7234554ae089') in 0.079496 seconds 
========================================================================
Received Import Request.
  Time since last request: 0.000385 seconds.
  path: Assets/Casual & Relaxing Game Music/Darkness.wav
  artifactKey: Guid(eb7f10105313640a18ce7926041a4d76) Importer(815301076,1909f56bfc062723c751e8b465ee728b)
Start importing Assets/Casual & Relaxing Game Music/Darkness.wav using Guid(eb7f10105313640a18ce7926041a4d76) Importer(815301076,1909f56bfc062723c751e8b465ee728b)  -> (artifact id: '290d5e96985519a276cf2de95e6dd305') in 0.057957 seconds 
========================================================================
Received Import Request.
  Time since last request: 0.000365 seconds.
  path: Assets/Casual & Relaxing Game Music/Space Walk.wav
  artifactKey: Guid(3fc26869a512b4e5187c9be6310ad8c2) Importer(815301076,1909f56bfc062723c751e8b465ee728b)
Start importing Assets/Casual & Relaxing Game Music/Space Walk.wav using Guid(3fc26869a512b4e5187c9be6310ad8c2) Importer(815301076,1909f56bfc062723c751e8b465ee728b)  -> (artifact id: 'dff68c6ed4b5c6cc4d5ef32dee936834') in 0.046724 seconds 
========================================================================
Received Import Request.
  Time since last request: 0.000484 seconds.
  path: Assets/Scenes
  artifactKey: Guid(058a813802abe9b4c909c51d330cc858) Importer(815301076,1909f56bfc062723c751e8b465ee728b)
Start importing Assets/Scenes using Guid(058a813802abe9b4c909c51d330cc858) Importer(815301076,1909f56bfc062723c751e8b465ee728b)  -> (artifact id: '7bb1ca67b60ebde5070f1efa9bf89e20') in 0.017905 seconds 
========================================================================
Received Import Request.
  Time since last request: 55.547072 seconds.
  path: Assets/FreeLowPolyRobot/Meshes_and_Animations/ModularRobots_BasePilar.fbx
  artifactKey: Guid(2547ff4535fc8a94cb9591b8cd52de74) Importer(815301076,1909f56bfc062723c751e8b465ee728b)
Start importing Assets/FreeLowPolyRobot/Meshes_and_Animations/ModularRobots_BasePilar.fbx using Guid(2547ff4535fc8a94cb9591b8cd52de74) Importer(815301076,1909f56bfc062723c751e8b465ee728b)  -> (artifact id: '2f7d6772236a8c42fdd0b662f9fe4c64') in 0.760709 seconds 
========================================================================
Received Import Request.
  Time since last request: 0.068281 seconds.
  path: Assets/FreeLowPolyRobot/Scripts/ModularRobotRandomizer.cs
  artifactKey: Guid(547a3a5865c201e42b933cbf702a40ba) Importer(815301076,1909f56bfc062723c751e8b465ee728b)
Start importing Assets/FreeLowPolyRobot/Scripts/ModularRobotRandomizer.cs using Guid(547a3a5865c201e42b933cbf702a40ba) Importer(815301076,1909f56bfc062723c751e8b465ee728b)  -> (artifact id: 'f76aadda2df9d94818112eff8cda095e') in 0.024014 seconds 
========================================================================
Received Import Request.
  Time since last request: 0.169982 seconds.
  path: Assets/FreeLowPolyRobot/Scenes/Sc_FreeRobotParts.unity
  artifactKey: Guid(1120eb60664a87348af3874f1a08281b) Importer(815301076,1909f56bfc062723c751e8b465ee728b)
Start importing Assets/FreeLowPolyRobot/Scenes/Sc_FreeRobotParts.unity using Guid(1120eb60664a87348af3874f1a08281b) Importer(815301076,1909f56bfc062723c751e8b465ee728b)  -> (artifact id: '9f86c34ce6f584f20c118a456ea6cf56') in 0.030211 seconds 
========================================================================
Received Import Request.
  Time since last request: 0.079944 seconds.
  path: Assets/FreeLowPolyRobot/Scenes/Sc_FreeRobotSample.unity
  artifactKey: Guid(60a3b77abd0cea54d87caf47eb5e1e1c) Importer(815301076,1909f56bfc062723c751e8b465ee728b)
Start importing Assets/FreeLowPolyRobot/Scenes/Sc_FreeRobotSample.unity using Guid(60a3b77abd0cea54d87caf47eb5e1e1c) Importer(815301076,1909f56bfc062723c751e8b465ee728b)  -> (artifact id: 'ef5205943919b765b6c7e389ece9c6b2') in 0.044686 seconds 
========================================================================
Received Import Request.
  Time since last request: 0.636074 seconds.
  path: Assets/FreeLowPolyRobot/Scripts/MatOffset.cs
  artifactKey: Guid(971d4185d0d057844829515e6e8be1a0) Importer(815301076,1909f56bfc062723c751e8b465ee728b)
Start importing Assets/FreeLowPolyRobot/Scripts/MatOffset.cs using Guid(971d4185d0d057844829515e6e8be1a0) Importer(815301076,1909f56bfc062723c751e8b465ee728b)  -> (artifact id: '1a0df52d52c3465d484b6742a9af124d') in 0.030026 seconds 
========================================================================
Received Import Request.
  Time since last request: 0.090770 seconds.
  path: Assets/FreeLowPolyRobot/Meshes_and_Animations/AC_ModularRobots.controller
  artifactKey: Guid(52bf3b407f3665748a7099947868d916) Importer(815301076,1909f56bfc062723c751e8b465ee728b)
Start importing Assets/FreeLowPolyRobot/Meshes_and_Animations/AC_ModularRobots.controller using Guid(52bf3b407f3665748a7099947868d916) Importer(815301076,1909f56bfc062723c751e8b465ee728b)  -> (artifact id: 'b98f8a02cc352e02586a1afed6e0424d') in 0.048714 seconds 
========================================================================
Received Import Request.
  Time since last request: 0.189804 seconds.
  path: Assets/FreeLowPolyRobot/Meshes_and_Animations/Modular_Parts.prefab
  artifactKey: Guid(4a42ddd97c213fb438713a335cfe0db7) Importer(815301076,1909f56bfc062723c751e8b465ee728b)
Start importing Assets/FreeLowPolyRobot/Meshes_and_Animations/Modular_Parts.prefab using Guid(4a42ddd97c213fb438713a335cfe0db7) Importer(815301076,1909f56bfc062723c751e8b465ee728b)  -> (artifact id: 'e9e0fab50fa0237c75e5b121207e840a') in 0.116679 seconds 
========================================================================
Received Import Request.
  Time since last request: 0.073899 seconds.
  path: Assets/FreeLowPolyRobot/Scripts
  artifactKey: Guid(dfc4ba427c49b474d96bfbb5ab5f95c6) Importer(815301076,1909f56bfc062723c751e8b465ee728b)
Start importing Assets/FreeLowPolyRobot/Scripts using Guid(dfc4ba427c49b474d96bfbb5ab5f95c6) Importer(815301076,1909f56bfc062723c751e8b465ee728b)  -> (artifact id: '74d07d7c5e9459c84039e721536d306c') in 0.004239 seconds 
========================================================================
Received Import Request.
  Time since last request: 0.113535 seconds.
  path: Assets/FreeLowPolyRobot/Materials/Custom_OffsetShader.shadergraph
  artifactKey: Guid(dd4c41591e8b9de458e72cb5f54e8371) Importer(815301076,1909f56bfc062723c751e8b465ee728b)
Start importing Assets/FreeLowPolyRobot/Materials/Custom_OffsetShader.shadergraph using Guid(dd4c41591e8b9de458e72cb5f54e8371) Importer(815301076,1909f56bfc062723c751e8b465ee728b)  -> (artifact id: '6da88fcaa5eb8417c318d27d4c8a9b3c') in 0.033370 seconds 
========================================================================
Received Import Request.
  Time since last request: 0.317223 seconds.
  path: Assets/FreeLowPolyRobot/Meshes_and_Animations/ModularRobots_Meshes.fbx
  artifactKey: Guid(ae040011bb3bc5849816ee5819225963) Importer(815301076,1909f56bfc062723c751e8b465ee728b)
Start importing Assets/FreeLowPolyRobot/Meshes_and_Animations/ModularRobots_Meshes.fbx using Guid(ae040011bb3bc5849816ee5819225963) Importer(815301076,1909f56bfc062723c751e8b465ee728b)  -> (artifact id: 'bd3e2448c930f82aeaa7429960ad94e4') in 0.090534 seconds 
========================================================================
Received Import Request.
  Time since last request: 0.098429 seconds.
  path: Assets/FreeLowPolyRobot/Scenes
  artifactKey: Guid(553d5d0903ed8924196f9e10d18a4972) Importer(815301076,1909f56bfc062723c751e8b465ee728b)
Start importing Assets/FreeLowPolyRobot/Scenes using Guid(553d5d0903ed8924196f9e10d18a4972) Importer(815301076,1909f56bfc062723c751e8b465ee728b)  -> (artifact id: '8cc6c2578668f4e4d1f86b07102cf312') in 0.004194 seconds 
========================================================================
Received Import Request.
  Time since last request: 0.218972 seconds.
  path: Assets/FreeLowPolyRobot/Meshes_and_Animations/RandomModularRobots_Prefab.prefab
  artifactKey: Guid(5cae6d7d0922fd44e8c052d92fe9a0ce) Importer(815301076,1909f56bfc062723c751e8b465ee728b)
Start importing Assets/FreeLowPolyRobot/Meshes_and_Animations/RandomModularRobots_Prefab.prefab using Guid(5cae6d7d0922fd44e8c052d92fe9a0ce) Importer(815301076,1909f56bfc062723c751e8b465ee728b)  -> (artifact id: '403c4a4145e2bad1f78bab3f81d7d759') in 0.121176 seconds 
========================================================================
Received Import Request.
  Time since last request: 0.959126 seconds.
  path: Assets/FreeLowPolyRobot/Meshes_and_Animations/Base_Pilar.prefab
  artifactKey: Guid(66ca5a72923f8ce4b949ff1b095d4d1e) Importer(815301076,1909f56bfc062723c751e8b465ee728b)
Start importing Assets/FreeLowPolyRobot/Meshes_and_Animations/Base_Pilar.prefab using Guid(66ca5a72923f8ce4b949ff1b095d4d1e) Importer(815301076,1909f56bfc062723c751e8b465ee728b)  -> (artifact id: '2798b0809c281004c64c39272840e7ca') in 0.039181 seconds 
========================================================================
Received Import Request.
  Time since last request: 0.948816 seconds.
  path: Assets/Scenes/Scene1.unity
  artifactKey: Guid(04055ca14d11d494984b29890293e67e) Importer(815301076,1909f56bfc062723c751e8b465ee728b)
Start importing Assets/Scenes/Scene1.unity using Guid(04055ca14d11d494984b29890293e67e) Importer(815301076,1909f56bfc062723c751e8b465ee728b)  -> (artifact id: '28944e6bba0bcfac156fbb0d3f98f8ee') in 0.034637 seconds 
========================================================================
Received Import Request.
  Time since last request: 1.344653 seconds.
  path: Assets/Casual & Relaxing Game Music
  artifactKey: Guid(9a73e3e5e9dd841afbfedc11611c139c) Importer(815301076,1909f56bfc062723c751e8b465ee728b)
Start importing Assets/Casual & Relaxing Game Music using Guid(9a73e3e5e9dd841afbfedc11611c139c) Importer(815301076,1909f56bfc062723c751e8b465ee728b)  -> (artifact id: 'd11350344c92ca4025bb715474e170cb') in 0.049386 seconds 
========================================================================
Received Import Request.
  Time since last request: 0.117681 seconds.
  path: Assets/FreeLowPolyRobot/Meshes_and_Animations
  artifactKey: Guid(a23c22823bb9a344088ee037f66da55b) Importer(815301076,1909f56bfc062723c751e8b465ee728b)
Start importing Assets/FreeLowPolyRobot/Meshes_and_Animations using Guid(a23c22823bb9a344088ee037f66da55b) Importer(815301076,1909f56bfc062723c751e8b465ee728b)  -> (artifact id: '4104af1e463082d9df682380b5c1ff09') in 0.023393 seconds 
========================================================================
Received Import Request.
  Time since last request: 0.086836 seconds.
  path: Assets/FreeLowPolyRobot/Meshes_and_Animations/ModularRobots.fbx
  artifactKey: Guid(df8e86716d586a24a8a3cb4e76d5b900) Importer(815301076,1909f56bfc062723c751e8b465ee728b)
Start importing Assets/FreeLowPolyRobot/Meshes_and_Animations/ModularRobots.fbx using Guid(df8e86716d586a24a8a3cb4e76d5b900) Importer(815301076,1909f56bfc062723c751e8b465ee728b)  -> (artifact id: '9cd5f48339a6b83b1a6756fb632d944e') in 0.138549 seconds 
